sdkproject/Temp/gradleOut/build/outputs/logs/manifest-merger-release-report.txt
-- Merging decision tree log ---
manifest
ADDED from src\main\AndroidManifest.xml:2:1-27:12
	package
		ADDED from src\main\AndroidManifest.xml:2:70-98
		INJECTED from src\main\AndroidManifest.xml
		INJECTED from src\main\AndroidManifest.xml
	android:versionName
		INJECTED from src\main\AndroidManifest.xml
		INJECTED from src\main\AndroidManifest.xml
	xmlns:tools
		ADDED from src\main\AndroidManifest.xml:2:99-145
	xmlns:android
		ADDED from src\main\AndroidManifest.xml:2:11-69
	android:versionCode
		INJECTED from src\main\AndroidManifest.xml
		INJECTED from src\main\AndroidManifest.xml
	android:installLocation
		ADDED from src\main\AndroidManifest.xml:2:146-186
supports-screens
ADDED from src\main\AndroidManifest.xml:3:3-163
	android:largeScreens
		ADDED from src\main\AndroidManifest.xml:3:78-105
	android:smallScreens
		ADDED from src\main\AndroidManifest.xml:3:21-48
	android:normalScreens
		ADDED from src\main\AndroidManifest.xml:3:49-77
	android:xlargeScreens
		ADDED from src\main\AndroidManifest.xml:3:106-134
	android:anyDensity
		ADDED from src\main\AndroidManifest.xml:3:135-160
application
ADDED from src\main\AndroidManifest.xml:4:3-17:17
MERGED from [:animated-vector-drawable-25.1.0:] AndroidManifest.xml:22:5-20
MERGED from [:appcompat-v7-25.1.0:] AndroidManifest.xml:25:5-20
MERGED from [:arcore_client:] AndroidManifest.xml:30:5-44:19
MERGED from [:google_ar_required:] AndroidManifest.xml:7:5-9:19
MERGED from [:mapbox-android-telemetry-2-1-0:] AndroidManifest.xml:12:5-14:19
MERGED from [:support-compat-25.1.0:] AndroidManifest.xml:25:5-20
MERGED from [:support-core-ui-25.1.0:] AndroidManifest.xml:25:5-20
MERGED from [:support-core-utils-25.1.0:] AndroidManifest.xml:25:5-20
MERGED from [:support-media-compat-25.1.0:] AndroidManifest.xml:25:5-20
MERGED from [:support-v4-25.1.0:] AndroidManifest.xml:25:5-20
MERGED from [:support-vector-drawable-25.1.0:] AndroidManifest.xml:23:5-20
	android:label
		ADDED from src\main\AndroidManifest.xml:4:92-124
	android:icon
		ADDED from src\main\AndroidManifest.xml:4:58-91
	android:banner
		ADDED from src\main\AndroidManifest.xml:4:147-184
	android:theme
		ADDED from src\main\AndroidManifest.xml:4:16-57
	android:isGame
		ADDED from src\main\AndroidManifest.xml:4:125-146
activity#com.unity3d.player.UnityPlayerActivity
ADDED from src\main\AndroidManifest.xml:5:5-11:16
	android:screenOrientation
		ADDED from src\main\AndroidManifest.xml:5:102-140
	android:label
		ADDED from src\main\AndroidManifest.xml:5:69-101
	android:hardwareAccelerated
		ADDED from src\main\AndroidManifest.xml:5:355-390
	android:launchMode
		ADDED from src\main\AndroidManifest.xml:5:141-172
	android:configChanges
		ADDED from src\main\AndroidManifest.xml:5:173-354
	android:name
		ADDED from src\main\AndroidManifest.xml:5:15-68
intent-filter#android.intent.action.MAIN+android.intent.category.LAUNCHER
ADDED from src\main\AndroidManifest.xml:6:7-9:23
action#android.intent.action.MAIN
ADDED from src\main\AndroidManifest.xml:7:9-61
	android:name
		ADDED from src\main\AndroidManifest.xml:7:17-58
category#android.intent.category.LAUNCHER
ADDED from src\main\AndroidManifest.xml:8:9-69
	android:name
		ADDED from src\main\AndroidManifest.xml:8:19-66
meta-data#unityplayer.UnityActivity
ADDED from src\main\AndroidManifest.xml:10:7-82
	android:value
		ADDED from src\main\AndroidManifest.xml:10:59-79
	android:name
		ADDED from src\main\AndroidManifest.xml:10:18-58
meta-data#unity.tango-enable
ADDED from src\main\AndroidManifest.xml:12:5-73
	android:value
		ADDED from src\main\AndroidManifest.xml:12:50-70
	android:name
		ADDED from src\main\AndroidManifest.xml:12:16-49
meta-data#unityplayer.SkipPermissionsDialog
ADDED from src\main\AndroidManifest.xml:13:5-88
	android:value
		ADDED from src\main\AndroidManifest.xml:13:65-85
	android:name
		ADDED from src\main\AndroidManifest.xml:13:16-64
meta-data#unity.build-id
ADDED from src\main\AndroidManifest.xml:14:5-101
	android:value
		ADDED from src\main\AndroidManifest.xml:14:46-98
	android:name
		ADDED from src\main\AndroidManifest.xml:14:16-45
meta-data#unity.splash-mode
ADDED from src\main\AndroidManifest.xml:15:5-69
	android:value
		ADDED from src\main\AndroidManifest.xml:15:49-66
	android:name
		ADDED from src\main\AndroidManifest.xml:15:16-48
meta-data#unity.splash-enable
ADDED from src\main\AndroidManifest.xml:16:5-74
	android:value
		ADDED from src\main\AndroidManifest.xml:16:51-71
	android:name
		ADDED from src\main\AndroidManifest.xml:16:16-50
uses-feature#0x00020000
ADDED from src\main\AndroidManifest.xml:18:3-52
	android:glEsVersion
		ADDED from src\main\AndroidManifest.xml:18:17-49
uses-permission#android.permission.CAMERA
ADDED from src\main\AndroidManifest.xml:19:3-63
	android:name
		ADDED from src\main\AndroidManifest.xml:19:20-60
uses-permission#android.permission.INTERNET
ADDED from src\main\AndroidManifest.xml:20:3-65
MERGED from [:mapbox-android-telemetry-2-1-0:] AndroidManifest.xml:16:5-67
	android:name
		ADDED from src\main\AndroidManifest.xml:20:20-62
uses-permission#android.permission.ACCESS_FINE_LOCATION
ADDED from src\main\AndroidManifest.xml:21:3-77
MERGED from [:com.mapbox.android.unity-debug:] AndroidManifest.xml:11:5-79
MERGED from [:mapbox-android-telemetry-2-1-0:] AndroidManifest.xml:17:5-79
	android:name
		ADDED from src\main\AndroidManifest.xml:21:20-74
uses-feature#android.hardware.location.gps
ADDED from src\main\AndroidManifest.xml:22:3-89
MERGED from [:com.mapbox.android.unity-debug:] AndroidManifest.xml:14:5-16:35
	android:required
		ADDED from src\main\AndroidManifest.xml:22:62-86
	android:name
		ADDED from src\main\AndroidManifest.xml:22:17-61
uses-feature#android.hardware.location
ADDED from src\main\AndroidManifest.xml:23:3-85
	android:required
		ADDED from src\main\AndroidManifest.xml:23:58-82
	android:name
		ADDED from src\main\AndroidManifest.xml:23:17-57
uses-feature#android.hardware.touchscreen
ADDED from src\main\AndroidManifest.xml:24:3-88
	android:required
		ADDED from src\main\AndroidManifest.xml:24:61-85
	android:name
		ADDED from src\main\AndroidManifest.xml:24:17-60
uses-feature#android.hardware.touchscreen.multitouch
ADDED from src\main\AndroidManifest.xml:25:3-99
	android:required
		ADDED from src\main\AndroidManifest.xml:25:72-96
	android:name
		ADDED from src\main\AndroidManifest.xml:25:17-71
uses-feature#android.hardware.touchscreen.multitouch.distinct
ADDED from src\main\AndroidManifest.xml:26:3-108
	android:required
		ADDED from src\main\AndroidManifest.xml:26:81-105
	android:name
		ADDED from src\main\AndroidManifest.xml:26:17-80
uses-sdk
INJECTED from src\main\AndroidManifest.xml reason: use-sdk injection requested
MERGED from [:animated-vector-drawable-25.1.0:] AndroidManifest.xml:20:5-44
MERGED from [:appcompat-v7-25.1.0:] AndroidManifest.xml:21:5-23:78
MERGED from [:arcore_client:] AndroidManifest.xml:26:5-28:41
MERGED from [:com.mapbox.android.unity-debug:] AndroidManifest.xml:7:5-9:41
MERGED from [:google_ar_required:] AndroidManifest.xml:6:5-43
MERGED from [:mapbox-android-telemetry-2-1-0:] AndroidManifest.xml:8:5-10:41
MERGED from [:support-compat-25.1.0:] AndroidManifest.xml:21:5-23:58
MERGED from [:support-core-ui-25.1.0:] AndroidManifest.xml:21:5-23:58
MERGED from [:support-core-utils-25.1.0:] AndroidManifest.xml:21:5-23:61
MERGED from [:support-media-compat-25.1.0:] AndroidManifest.xml:21:5-23:63
MERGED from [:support-v4-25.1.0:] AndroidManifest.xml:21:5-23:54
MERGED from [:support-vector-drawable-25.1.0:] AndroidManifest.xml:21:5-43
MERGED from [:unityandroidpermissions:] AndroidManifest.xml:11:5-13:41
MERGED from [:unitygar:] AndroidManifest.xml:7:5-9:41
	tools:overrideLibrary
		ADDED from [:appcompat-v7-25.1.0:] AndroidManifest.xml:23:9-75
	android:targetSdkVersion
		INJECTED from src\main\AndroidManifest.xml
		INJECTED from src\main\AndroidManifest.xml
	android:minSdkVersion
		INJECTED from src\main\AndroidManifest.xml
		INJECTED from src\main\AndroidManifest.xml
activity#com.google.ar.core.InstallActivity
ADDED from [:arcore_client:] AndroidManifest.xml:33:9-39:80
	android:excludeFromRecents
		ADDED from [:arcore_client:] AndroidManifest.xml:36:13-46
	android:launchMode
		ADDED from [:arcore_client:] AndroidManifest.xml:38:13-43
	android:exported
		ADDED from [:arcore_client:] AndroidManifest.xml:37:13-37
	android:configChanges
		ADDED from [:arcore_client:] AndroidManifest.xml:35:13-74
	android:theme
		ADDED from [:arcore_client:] AndroidManifest.xml:39:13-77
	android:name
		ADDED from [:arcore_client:] AndroidManifest.xml:34:13-62
meta-data#com.google.ar.core.min_apk_version
ADDED from [:arcore_client:] AndroidManifest.xml:41:9-43:41
	android:value
		ADDED from [:arcore_client:] AndroidManifest.xml:43:13-38
	android:name
		ADDED from [:arcore_client:] AndroidManifest.xml:42:13-62
uses-permission#android.permission.ACCESS_COARSE_LOCATION
ADDED from [:com.mapbox.android.unity-debug:] AndroidManifest.xml:12:5-81
MERGED from [:mapbox-android-telemetry-2-1-0:] AndroidManifest.xml:18:5-80
	android:name
		ADDED from [:com.mapbox.android.unity-debug:] AndroidManifest.xml:12:22-78
meta-data#com.google.ar.core
ADDED from [:google_ar_required:] AndroidManifest.xml:8:9-81
	android:value
		ADDED from [:google_ar_required:] AndroidManifest.xml:8:54-78
	android:name
		ADDED from [:google_ar_required:] AndroidManifest.xml:8:20-53
uses-feature#android.hardware.camera.ar
ADDED from [:google_ar_required:] AndroidManifest.xml:10:5-86
	android:required
		ADDED from [:google_ar_required:] AndroidManifest.xml:10:61-84
	android:name
		ADDED from [:google_ar_required:] AndroidManifest.xml:10:19-60
service#com.mapbox.services.android.telemetry.service.TelemetryService
ADDED from [:mapbox-android-telemetry-2-1-0:] AndroidManifest.xml:13:9-97
	android:name
		ADDED from [:mapbox-android-telemetry-2-1-0:] AndroidManifest.xml:13:18-95
uses-permission#android.permission.ACCESS_NETWORK_STATE
ADDED from [:mapbox-android-telemetry-2-1-0:] AndroidManifest.xml:19:5-78
	android:name
		ADDED from [:mapbox-android-telemetry-2-1-0:] AndroidManifest.xml:19:22-76